#
# There is insufficient memory for the Java Runtime Environment to continue.
# Native memory allocation (malloc) failed to allocate 1066096 bytes. Error detail: Chunk::new
# Possible reasons:
#   The system is out of physical RAM or swap space
#   This process is running with CompressedOops enabled, and the Java Heap may be blocking the growth of the native heap
# Possible solutions:
#   Reduce memory load on the system
#   Increase physical memory or swap space
#   Check if swap backing store is full
#   Decrease Java heap size (-Xmx/-Xms)
#   Decrease number of Java threads
#   Decrease Java thread stack sizes (-Xss)
#   Set larger code cache with -XX:ReservedCodeCacheSize=
#   JVM is running with Unscaled Compressed Oops mode in which the Java heap is
#     placed in the first 4GB address space. The Java Heap base address is the
#     maximum limit for the native heap growth. Please use -XX:HeapBaseMinAddress
#     to set the Java Heap base and to place the Java Heap above 4GB virtual address.
# This output file may be truncated or incomplete.
#
#  Out of Memory Error (arena.cpp:168), pid=4540, tid=3368
#
# JRE version: OpenJDK Runtime Environment Temurin-21.0.8+9 (21.0.8+9) (build 21.0.8+9-LTS)
# Java VM: OpenJDK 64-Bit Server VM Temurin-21.0.8+9 (21.0.8+9-LTS, mixed mode, sharing, tiered, compressed oops, compressed class ptrs, parallel gc, windows-amd64)
# No core dump will be written. Minidumps are not enabled by default on client versions of Windows
#

---------------  S U M M A R Y ------------

Command Line: --add-modules=ALL-SYSTEM --add-opens=java.base/java.util=ALL-UNNAMED --add-opens=java.base/java.lang=ALL-UNNAMED --add-opens=java.base/sun.nio.fs=ALL-UNNAMED -Declipse.application=org.eclipse.jdt.ls.core.id1 -Dosgi.bundles.defaultStartLevel=4 -Declipse.product=org.eclipse.jdt.ls.core.product -Djava.import.generatesMetadataFilesAtProjectRoot=false -DDetectVMInstallationsJob.disabled=true -Dfile.encoding=utf8 -XX:+UseParallelGC -XX:GCTimeRatio=4 -XX:AdaptiveSizePolicyWeight=90 -Dsun.zip.disableMemoryMapping=true -Xmx2G -Xms100m -Xlog:disable -javaagent:c:\Users\heman\.vscode\extensions\redhat.java-1.45.0-win32-x64\lombok\lombok-1.18.39-4050.jar -XX:+HeapDumpOnOutOfMemoryError -XX:HeapDumpPath=c:\Users\heman\AppData\Roaming\Code\User\workspaceStorage\79f8c6f09664a674c46a13b1c380bf9a\redhat.java -Daether.dependencyCollector.impl=bf c:\Users\heman\.vscode\extensions\redhat.java-1.45.0-win32-x64\server\plugins\org.eclipse.equinox.launcher_1.7.0.v20250519-0528.jar -configuration c:\Users\heman\AppData\Roaming\Code\User\globalStorage\redhat.java\1.45.0\config_win -data c:\Users\heman\AppData\Roaming\Code\User\workspaceStorage\79f8c6f09664a674c46a13b1c380bf9a\redhat.java\jdt_ws --pipe=\\.\pipe\lsp-cd24181235b5d218dbdca20c527ba78d-sock

Host: AMD Ryzen 5 5600H with Radeon Graphics         , 12 cores, 5G,  Windows 11 , 64 bit Build 26100 (10.0.26100.5074)
Time: Fri Sep 26 15:18:01 2025 India Standard Time elapsed time: 62.751265 seconds (0d 0h 1m 2s)

---------------  T H R E A D  ---------------

Current thread (0x0000023efe7c0200):  JavaThread "C2 CompilerThread1" daemon [_thread_in_native, id=3368, stack(0x000000c86ee00000,0x000000c86ef00000) (1024K)]


Current CompileTask:
C2:62751 12537 % !   4       org.eclipse.jdt.internal.core.JarPackageFragmentRoot::computeChildren @ 246 (605 bytes)

Stack: [0x000000c86ee00000,0x000000c86ef00000]
Native frames: (J=compiled Java code, j=interpreted, Vv=VM code, C=native code)
V  [jvm.dll+0x6d2449]
V  [jvm.dll+0x8ae341]
V  [jvm.dll+0x8b08be]
V  [jvm.dll+0x8b0fa3]
V  [jvm.dll+0x280c96]
V  [jvm.dll+0xc581d]
V  [jvm.dll+0xc5d53]
V  [jvm.dll+0x3b9162]
V  [jvm.dll+0x385315]
V  [jvm.dll+0x38477a]
V  [jvm.dll+0x248ed0]
V  [jvm.dll+0x2484af]
V  [jvm.dll+0x1c89ee]
V  [jvm.dll+0x257d4d]
V  [jvm.dll+0x2562ea]
V  [jvm.dll+0x3f2d16]
V  [jvm.dll+0x857e6b]
V  [jvm.dll+0x6d0b0d]
C  [ucrtbase.dll+0x37b0]
C  [KERNEL32.DLL+0x2e8d7]
C  [ntdll.dll+0x8d9c]


---------------  P R O C E S S  ---------------

Threads class SMR info:
_java_thread_list=0x0000023efe7c4330, length=88, elements={
0x0000023ee271b490, 0x0000023efb2fd8c0, 0x0000023ee2cf2b50, 0x0000023ee2cf56a0,
0x0000023ee2cf62f0, 0x0000023ee2d01480, 0x0000023ee2d07580, 0x0000023ee2d09a40,
0x0000023ee2d0a620, 0x0000023efc84fee0, 0x0000023efcaa7120, 0x0000023efda82b70,
0x0000023efdcae7a0, 0x0000023efda55c20, 0x0000023efc81bbd0, 0x0000023efd8c1800,
0x0000023efe584fa0, 0x0000023efde0eaa0, 0x0000023efde0f7c0, 0x0000023efde0fe50,
0x0000023efde104e0, 0x0000023efde11200, 0x0000023efe177c50, 0x0000023efe1754f0,
0x0000023efe1768a0, 0x0000023efe175b80, 0x0000023efe176f30, 0x0000023efe1747d0,
0x0000023efe176210, 0x0000023efe1775c0, 0x0000023efe1782e0, 0x0000023efe174e60,
0x0000023efe17aa40, 0x0000023efe17b760, 0x0000023efe179d20, 0x0000023efe179690,
0x0000023efe17bdf0, 0x0000023efe17b0d0, 0x0000023efe178970, 0x0000023efe179000,
0x0000023efe17a3b0, 0x0000023efde10b70, 0x0000023ec5fbf6a0, 0x0000023ec5fbf010,
0x0000023ec5fc03c0, 0x0000023ec5fbe980, 0x0000023ec5fbfd30, 0x0000023ec5fbcf40,
0x0000023ec5fbe2f0, 0x0000023ec5fbd5d0, 0x0000023ec5fbdc60, 0x0000023ec5f1f410,
0x0000023ec5f1e6f0, 0x0000023ec5f21b70, 0x0000023ec5f1faa0, 0x0000023ec5f22200,
0x0000023ec5f20130, 0x0000023ec5f1ed80, 0x0000023ec5f23c40, 0x0000023ec5f22890,
0x0000023ec5f235b0, 0x0000023ec5f22f20, 0x0000023ec5f207c0, 0x0000023ec5f20e50,
0x0000023ec5f25680, 0x0000023ec5f25d10, 0x0000023ec5f242d0, 0x0000023ec5f24960,
0x0000023ec5f24ff0, 0x0000023ecdc216d0, 0x0000023ecdc1fc90, 0x0000023ecdc21d60,
0x0000023ecdc20320, 0x0000023ecdc209b0, 0x0000023ecdc21040, 0x0000023ecdc223f0,
0x0000023ecdc22a80, 0x0000023ecdc1f600, 0x0000023ecdc25870, 0x0000023ecdc25f00,
0x0000023ecdc237a0, 0x0000023ecdc26590, 0x0000023ecdc23110, 0x0000023ecdc251e0,
0x0000023ecdc26c20, 0x0000023ecdc23e30, 0x0000023efe7c0200, 0x0000023ece093680
}

Java Threads: ( => current thread )
  0x0000023ee271b490 JavaThread "main"                              [_thread_blocked, id=11012, stack(0x000000c86a900000,0x000000c86aa00000) (1024K)]
  0x0000023efb2fd8c0 JavaThread "Reference Handler"          daemon [_thread_blocked, id=20932, stack(0x000000c86ad00000,0x000000c86ae00000) (1024K)]
  0x0000023ee2cf2b50 JavaThread "Finalizer"                  daemon [_thread_blocked, id=23968, stack(0x000000c86ae00000,0x000000c86af00000) (1024K)]
  0x0000023ee2cf56a0 JavaThread "Signal Dispatcher"          daemon [_thread_blocked, id=30044, stack(0x000000c86af00000,0x000000c86b000000) (1024K)]
  0x0000023ee2cf62f0 JavaThread "Attach Listener"            daemon [_thread_blocked, id=18892, stack(0x000000c86b000000,0x000000c86b100000) (1024K)]
  0x0000023ee2d01480 JavaThread "Service Thread"             daemon [_thread_blocked, id=11152, stack(0x000000c86b100000,0x000000c86b200000) (1024K)]
  0x0000023ee2d07580 JavaThread "Monitor Deflation Thread"   daemon [_thread_blocked, id=15784, stack(0x000000c86b200000,0x000000c86b300000) (1024K)]
  0x0000023ee2d09a40 JavaThread "C2 CompilerThread0"         daemon [_thread_in_native, id=23104, stack(0x000000c86b300000,0x000000c86b400000) (1024K)]
  0x0000023ee2d0a620 JavaThread "C1 CompilerThread0"         daemon [_thread_blocked, id=28248, stack(0x000000c86b400000,0x000000c86b500000) (1024K)]
  0x0000023efc84fee0 JavaThread "Common-Cleaner"             daemon [_thread_blocked, id=3092, stack(0x000000c86b500000,0x000000c86b600000) (1024K)]
  0x0000023efcaa7120 JavaThread "Notification Thread"        daemon [_thread_blocked, id=14988, stack(0x000000c86b600000,0x000000c86b700000) (1024K)]
  0x0000023efda82b70 JavaThread "Active Thread: Equinox Container: 758875e1-8517-4126-8469-8c6e7fc46ece"        [_thread_in_native, id=28404, stack(0x000000c86bd00000,0x000000c86be00000) (1024K)]
  0x0000023efdcae7a0 JavaThread "Refresh Thread: Equinox Container: 758875e1-8517-4126-8469-8c6e7fc46ece" daemon [_thread_blocked, id=21164, stack(0x000000c86bf00000,0x000000c86c000000) (1024K)]
  0x0000023efda55c20 JavaThread "Framework Event Dispatcher: Equinox Container: 758875e1-8517-4126-8469-8c6e7fc46ece" daemon [_thread_blocked, id=23004, stack(0x000000c86c000000,0x000000c86c100000) (1024K)]
  0x0000023efc81bbd0 JavaThread "Start Level: Equinox Container: 758875e1-8517-4126-8469-8c6e7fc46ece" daemon [_thread_blocked, id=11784, stack(0x000000c86c100000,0x000000c86c200000) (1024K)]
  0x0000023efd8c1800 JavaThread "Bundle File Closer"         daemon [_thread_blocked, id=20652, stack(0x000000c86c400000,0x000000c86c500000) (1024K)]
  0x0000023efe584fa0 JavaThread "SCR Component Actor"        daemon [_thread_blocked, id=16596, stack(0x000000c86c500000,0x000000c86c600000) (1024K)]
  0x0000023efde0eaa0 JavaThread "Worker-JM"                         [_thread_blocked, id=17768, stack(0x000000c86c700000,0x000000c86c800000) (1024K)]
  0x0000023efde0f7c0 JavaThread "JNA Cleaner"                daemon [_thread_blocked, id=14972, stack(0x000000c86c800000,0x000000c86c900000) (1024K)]
  0x0000023efde0fe50 JavaThread "Worker-0"                          [_thread_blocked, id=15096, stack(0x000000c86c900000,0x000000c86ca00000) (1024K)]
  0x0000023efde104e0 JavaThread "Worker-1"                          [_thread_blocked, id=6788, stack(0x000000c86ca00000,0x000000c86cb00000) (1024K)]
  0x0000023efde11200 JavaThread "Worker-2: Initialize workspace"        [_thread_blocked, id=13204, stack(0x000000c86cb00000,0x000000c86cc00000) (1024K)]
  0x0000023efe177c50 JavaThread "Java indexing"              daemon [_thread_blocked, id=17220, stack(0x000000c86cc00000,0x000000c86cd00000) (1024K)]
  0x0000023efe1754f0 JavaThread "Worker-3"                          [_thread_blocked, id=4020, stack(0x000000c86cd00000,0x000000c86ce00000) (1024K)]
  0x0000023efe1768a0 JavaThread "Worker-4: Initialize Workspace"        [_thread_blocked, id=12612, stack(0x000000c86ce00000,0x000000c86cf00000) (1024K)]
  0x0000023efe175b80 JavaThread "Thread-2"                   daemon [_thread_in_native, id=28028, stack(0x000000c86d100000,0x000000c86d200000) (1024K)]
  0x0000023efe176f30 JavaThread "Thread-3"                   daemon [_thread_in_native, id=18208, stack(0x000000c86d200000,0x000000c86d300000) (1024K)]
  0x0000023efe1747d0 JavaThread "Thread-4"                   daemon [_thread_in_native, id=26288, stack(0x000000c86d300000,0x000000c86d400000) (1024K)]
  0x0000023efe176210 JavaThread "Thread-5"                   daemon [_thread_in_native, id=23624, stack(0x000000c86d400000,0x000000c86d500000) (1024K)]
  0x0000023efe1775c0 JavaThread "Thread-6"                   daemon [_thread_in_native, id=30196, stack(0x000000c86d500000,0x000000c86d600000) (1024K)]
  0x0000023efe1782e0 JavaThread "Thread-7"                   daemon [_thread_in_native, id=15952, stack(0x000000c86d600000,0x000000c86d700000) (1024K)]
  0x0000023efe174e60 JavaThread "Thread-8"                   daemon [_thread_in_native, id=19920, stack(0x000000c86d700000,0x000000c86d800000) (1024K)]
  0x0000023efe17aa40 JavaThread "Thread-9"                   daemon [_thread_in_native, id=20484, stack(0x000000c86d800000,0x000000c86d900000) (1024K)]
  0x0000023efe17b760 JavaThread "Thread-10"                  daemon [_thread_in_native, id=10716, stack(0x000000c86d900000,0x000000c86da00000) (1024K)]
  0x0000023efe179d20 JavaThread "Thread-11"                  daemon [_thread_in_native, id=21148, stack(0x000000c86da00000,0x000000c86db00000) (1024K)]
  0x0000023efe179690 JavaThread "Thread-12"                  daemon [_thread_in_native, id=29124, stack(0x000000c86db00000,0x000000c86dc00000) (1024K)]
  0x0000023efe17bdf0 JavaThread "Thread-13"                  daemon [_thread_in_native, id=23084, stack(0x000000c86dc00000,0x000000c86dd00000) (1024K)]
  0x0000023efe17b0d0 JavaThread "Thread-14"                  daemon [_thread_in_native, id=12892, stack(0x000000c86dd00000,0x000000c86de00000) (1024K)]
  0x0000023efe178970 JavaThread "pool-2-thread-1"                   [_thread_blocked, id=8088, stack(0x000000c86de00000,0x000000c86df00000) (1024K)]
  0x0000023efe179000 JavaThread "WorkspaceEventsHandler"            [_thread_blocked, id=28900, stack(0x000000c86df00000,0x000000c86e000000) (1024K)]
  0x0000023efe17a3b0 JavaThread "pool-1-thread-1"                   [_thread_blocked, id=5756, stack(0x000000c86e000000,0x000000c86e100000) (1024K)]
  0x0000023efde10b70 JavaThread "ForkJoinPool.commonPool-worker-1" daemon [_thread_blocked, id=16152, stack(0x000000c86e200000,0x000000c86e300000) (1024K)]
  0x0000023ec5fbf6a0 JavaThread "ForkJoinPool.commonPool-worker-2" daemon [_thread_blocked, id=6268, stack(0x000000c86e300000,0x000000c86e400000) (1024K)]
  0x0000023ec5fbf010 JavaThread "ForkJoinPool.commonPool-worker-3" daemon [_thread_blocked, id=2928, stack(0x000000c86e400000,0x000000c86e500000) (1024K)]
  0x0000023ec5fc03c0 JavaThread "ForkJoinPool.commonPool-worker-4" daemon [_thread_blocked, id=27312, stack(0x000000c86e500000,0x000000c86e600000) (1024K)]
  0x0000023ec5fbe980 JavaThread "ForkJoinPool.commonPool-worker-5" daemon [_thread_blocked, id=10276, stack(0x000000c86e600000,0x000000c86e700000) (1024K)]
  0x0000023ec5fbfd30 JavaThread "ForkJoinPool.commonPool-worker-6" daemon [_thread_blocked, id=3484, stack(0x000000c86e700000,0x000000c86e800000) (1024K)]
  0x0000023ec5fbcf40 JavaThread "ForkJoinPool.commonPool-worker-7" daemon [_thread_blocked, id=14608, stack(0x000000c86e800000,0x000000c86e900000) (1024K)]
  0x0000023ec5fbe2f0 JavaThread "ForkJoinPool.commonPool-worker-8" daemon [_thread_blocked, id=10664, stack(0x000000c86e900000,0x000000c86ea00000) (1024K)]
  0x0000023ec5fbd5d0 JavaThread "ForkJoinPool.commonPool-worker-9" daemon [_thread_blocked, id=27900, stack(0x000000c86ea00000,0x000000c86eb00000) (1024K)]
  0x0000023ec5fbdc60 JavaThread "ForkJoinPool.commonPool-worker-10" daemon [_thread_blocked, id=26012, stack(0x000000c86eb00000,0x000000c86ec00000) (1024K)]
  0x0000023ec5f1f410 JavaThread "ForkJoinPool.commonPool-worker-11" daemon [_thread_blocked, id=21692, stack(0x000000c86ec00000,0x000000c86ed00000) (1024K)]
  0x0000023ec5f1e6f0 JavaThread "Worker-5: Publish Diagnostics"        [_thread_blocked, id=18932, stack(0x000000c86ed00000,0x000000c86ee00000) (1024K)]
  0x0000023ec5f21b70 JavaThread "LocalFile Deleter"          daemon [_thread_blocked, id=26792, stack(0x000000c86ef00000,0x000000c86f000000) (1024K)]
  0x0000023ec5f1faa0 JavaThread "LocalFile Deleter"          daemon [_thread_blocked, id=17568, stack(0x000000c86f000000,0x000000c86f100000) (1024K)]
  0x0000023ec5f22200 JavaThread "LocalFile Deleter"          daemon [_thread_blocked, id=21640, stack(0x000000c86f100000,0x000000c86f200000) (1024K)]
  0x0000023ec5f20130 JavaThread "LocalFile Deleter"          daemon [_thread_blocked, id=17480, stack(0x000000c86f200000,0x000000c86f300000) (1024K)]
  0x0000023ec5f1ed80 JavaThread "LocalFile Deleter"          daemon [_thread_blocked, id=20416, stack(0x000000c86f300000,0x000000c86f400000) (1024K)]
  0x0000023ec5f23c40 JavaThread "LocalFile Deleter"          daemon [_thread_blocked, id=8096, stack(0x000000c86f400000,0x000000c86f500000) (1024K)]
  0x0000023ec5f22890 JavaThread "LocalFile Deleter"          daemon [_thread_blocked, id=29792, stack(0x000000c86f500000,0x000000c86f600000) (1024K)]
  0x0000023ec5f235b0 JavaThread "LocalFile Deleter"          daemon [_thread_blocked, id=14232, stack(0x000000c86f600000,0x000000c86f700000) (1024K)]
  0x0000023ec5f22f20 JavaThread "LocalFile Deleter"          daemon [_thread_blocked, id=27560, stack(0x000000c86f700000,0x000000c86f800000) (1024K)]
  0x0000023ec5f207c0 JavaThread "LocalFile Deleter"          daemon [_thread_blocked, id=25436, stack(0x000000c86f800000,0x000000c86f900000) (1024K)]
  0x0000023ec5f20e50 JavaThread "LocalFile Deleter"          daemon [_thread_blocked, id=26900, stack(0x000000c86f900000,0x000000c86fa00000) (1024K)]
  0x0000023ec5f25680 JavaThread "LocalFile Deleter"          daemon [_thread_blocked, id=27576, stack(0x000000c86fa00000,0x000000c86fb00000) (1024K)]
  0x0000023ec5f25d10 JavaThread "Compiler Source File Reader" daemon [_thread_blocked, id=10956, stack(0x000000c86fb00000,0x000000c86fc00000) (1024K)]
  0x0000023ec5f242d0 JavaThread "Compiler Source File Reader" daemon [_thread_blocked, id=9628, stack(0x000000c86fc00000,0x000000c86fd00000) (1024K)]
  0x0000023ec5f24960 JavaThread "Compiler Source File Reader" daemon [_thread_blocked, id=25140, stack(0x000000c86fd00000,0x000000c86fe00000) (1024K)]
  0x0000023ec5f24ff0 JavaThread "Compiler Source File Reader" daemon [_thread_blocked, id=11392, stack(0x000000c86fe00000,0x000000c86ff00000) (1024K)]
  0x0000023ecdc216d0 JavaThread "Compiler Source File Reader" daemon [_thread_blocked, id=21652, stack(0x000000c86ff00000,0x000000c870000000) (1024K)]
  0x0000023ecdc1fc90 JavaThread "Compiler Source File Reader" daemon [_thread_blocked, id=4996, stack(0x000000c870000000,0x000000c870100000) (1024K)]
  0x0000023ecdc21d60 JavaThread "Compiler Source File Reader" daemon [_thread_blocked, id=1896, stack(0x000000c870100000,0x000000c870200000) (1024K)]
  0x0000023ecdc20320 JavaThread "Compiler Source File Reader" daemon [_thread_blocked, id=15720, stack(0x000000c870200000,0x000000c870300000) (1024K)]
  0x0000023ecdc209b0 JavaThread "Compiler Source File Reader" daemon [_thread_blocked, id=19444, stack(0x000000c870300000,0x000000c870400000) (1024K)]
  0x0000023ecdc21040 JavaThread "Compiler Source File Reader" daemon [_thread_blocked, id=21064, stack(0x000000c870400000,0x000000c870500000) (1024K)]
  0x0000023ecdc223f0 JavaThread "Compiler Processing Task"   daemon [_thread_blocked, id=30160, stack(0x000000c86c600000,0x000000c86c700000) (1024K)]
  0x0000023ecdc22a80 JavaThread "Compiler Class File Writer" daemon [_thread_blocked, id=6912, stack(0x000000c870500000,0x000000c870600000) (1024K)]
  0x0000023ecdc1f600 JavaThread "Compiler Class File Writer" daemon [_thread_blocked, id=27632, stack(0x000000c870600000,0x000000c870700000) (1024K)]
  0x0000023ecdc25870 JavaThread "Compiler Class File Writer" daemon [_thread_blocked, id=12748, stack(0x000000c870700000,0x000000c870800000) (1024K)]
  0x0000023ecdc25f00 JavaThread "Compiler Class File Writer" daemon [_thread_blocked, id=6824, stack(0x000000c870800000,0x000000c870900000) (1024K)]
  0x0000023ecdc237a0 JavaThread "Compiler Class File Writer" daemon [_thread_blocked, id=8184, stack(0x000000c870900000,0x000000c870a00000) (1024K)]
  0x0000023ecdc26590 JavaThread "Compiler Class File Writer" daemon [_thread_blocked, id=17016, stack(0x000000c870a00000,0x000000c870b00000) (1024K)]
  0x0000023ecdc23110 JavaThread "Compiler Class File Writer" daemon [_thread_blocked, id=14308, stack(0x000000c870b00000,0x000000c870c00000) (1024K)]
  0x0000023ecdc251e0 JavaThread "Compiler Class File Writer" daemon [_thread_blocked, id=17364, stack(0x000000c870c00000,0x000000c870d00000) (1024K)]
  0x0000023ecdc26c20 JavaThread "Compiler Class File Writer" daemon [_thread_blocked, id=15964, stack(0x000000c870d00000,0x000000c870e00000) (1024K)]
  0x0000023ecdc23e30 JavaThread "Compiler Class File Writer" daemon [_thread_blocked, id=14696, stack(0x000000c870e00000,0x000000c870f00000) (1024K)]
=>0x0000023efe7c0200 JavaThread "C2 CompilerThread1"         daemon [_thread_in_native, id=3368, stack(0x000000c86ee00000,0x000000c86ef00000) (1024K)]
  0x0000023ece093680 JavaThread "C2 CompilerThread2"         daemon [_thread_blocked, id=15616, stack(0x000000c870f00000,0x000000c871000000) (1024K)]
Total: 88

Other Threads:
  0x0000023ee2cf0b30 VMThread "VM Thread"                           [id=12072, stack(0x000000c86ac00000,0x000000c86ad00000) (1024K)]
  0x0000023efb1dca00 WatcherThread "VM Periodic Task Thread"        [id=12876, stack(0x000000c86ab00000,0x000000c86ac00000) (1024K)]
  0x0000023ee2c6c370 WorkerThread "GC Thread#0"                     [id=22612, stack(0x000000c86aa00000,0x000000c86ab00000) (1024K)]
  0x0000023efcac5e90 WorkerThread "GC Thread#1"                     [id=22976, stack(0x000000c86b700000,0x000000c86b800000) (1024K)]
  0x0000023efd93df90 WorkerThread "GC Thread#2"                     [id=20900, stack(0x000000c86b800000,0x000000c86b900000) (1024K)]
  0x0000023efd9548c0 WorkerThread "GC Thread#3"                     [id=14900, stack(0x000000c86b900000,0x000000c86ba00000) (1024K)]
  0x0000023efd9557d0 WorkerThread "GC Thread#4"                     [id=2100, stack(0x000000c86ba00000,0x000000c86bb00000) (1024K)]
  0x0000023efd94f030 WorkerThread "GC Thread#5"                     [id=29384, stack(0x000000c86bb00000,0x000000c86bc00000) (1024K)]
  0x0000023efd94f3d0 WorkerThread "GC Thread#6"                     [id=15124, stack(0x000000c86bc00000,0x000000c86bd00000) (1024K)]
  0x0000023efdcad290 WorkerThread "GC Thread#7"                     [id=4628, stack(0x000000c86be00000,0x000000c86bf00000) (1024K)]
  0x0000023efe0685c0 WorkerThread "GC Thread#8"                     [id=25264, stack(0x000000c86c200000,0x000000c86c300000) (1024K)]
  0x0000023efdafc650 WorkerThread "GC Thread#9"                     [id=6936, stack(0x000000c86c300000,0x000000c86c400000) (1024K)]
Total: 12

Threads with active compile tasks:
C2 CompilerThread0  64950 12668       4       org.eclipse.jdt.internal.compiler.parser.Parser::consumeRule (7748 bytes)
C1 CompilerThread0  64950 12744 % !   3       org.eclipse.jdt.internal.compiler.parser.Scanner::jumpOverMethodBody @ 12 (2550 bytes)
C2 CompilerThread1  64950 12537 % !   4       org.eclipse.jdt.internal.core.JarPackageFragmentRoot::computeChildren @ 246 (605 bytes)
C2 CompilerThread2  64950 12654       4       org.eclipse.jdt.internal.compiler.lookup.BinaryTypeBinding::createMethod (1666 bytes)
Total: 4

VM state: at safepoint (normal execution)

VM Mutex/Monitor currently owned by a thread:  ([mutex/lock_event])
[0x00007ff9f8765458] Threads_lock - owner thread: 0x0000023ee2cf0b30
[0x00007ff9f8765558] Heap_lock - owner thread: 0x0000023ec5fbd5d0

Heap address: 0x0000000080000000, size: 2048 MB, Compressed Oops mode: 32-bit

CDS archive(s) mapped at: [0x0000023e80000000-0x0000023e80ba0000-0x0000023e80ba0000), size 12189696, SharedBaseAddress: 0x0000023e80000000, ArchiveRelocationMode: 1.
Compressed class space mapped at: 0x0000023e81000000-0x0000023ec1000000, reserved size: 1073741824
Narrow klass base: 0x0000023e80000000, Narrow klass shift: 0, Narrow klass range: 0x100000000

GC Precious Log:
 CardTable entry size: 512
 CPUs: 12 total, 12 available
 Memory: 5996M
 Large Page Support: Disabled
 NUMA Support: Disabled
 Compressed Oops: Enabled (32-bit)
 Alignments: Space 512K, Generation 512K, Heap 2M
 Heap Min Capacity: 100M
 Heap Initial Capacity: 100M
 Heap Max Capacity: 2G
 Pre-touch: Disabled
 Parallel Workers: 10

Heap:
 PSYoungGen      total 8192K, used 1002K [0x00000000d5580000, 0x00000000d5f00000, 0x0000000100000000)
  eden space 7168K, 0% used [0x00000000d5580000,0x00000000d5580000,0x00000000d5c80000)
  from space 1024K, 97% used [0x00000000d5d00000,0x00000000d5dfaad8,0x00000000d5e00000)
  to   space 1024K, 0% used [0x00000000d5e00000,0x00000000d5e00000,0x00000000d5f00000)
 ParOldGen       total 91648K, used 91552K [0x0000000080000000, 0x0000000085980000, 0x00000000d5580000)
  object space 91648K, 99% used [0x0000000080000000,0x0000000085968078,0x0000000085980000)
 Metaspace       used 69291K, committed 70848K, reserved 1114112K
  class space    used 7350K, committed 8000K, reserved 1048576K

Card table byte_map: [0x0000023ef6640000,0x0000023ef6a50000] _byte_map_base: 0x0000023ef6240000

Marking Bits: (ParMarkBitMap*) 0x00007ff9f876a340
 Begin Bits: [0x0000023ef6d00000, 0x0000023ef8d00000)
 End Bits:   [0x0000023ef8d00000, 0x0000023efad00000)

Polling page: 0x0000023ee29c0000

Metaspace:

Usage:
  Non-class:     60.49 MB used.
      Class:      7.18 MB used.
       Both:     67.67 MB used.

Virtual space:
  Non-class space:       64.00 MB reserved,      61.38 MB ( 96%) committed,  1 nodes.
      Class space:        1.00 GB reserved,       7.81 MB ( <1%) committed,  1 nodes.
             Both:        1.06 GB reserved,      69.19 MB (  6%) committed. 

Chunk freelists:
   Non-Class:  2.60 MB
       Class:  8.21 MB
        Both:  10.80 MB

MaxMetaspaceSize: unlimited
CompressedClassSpaceSize: 1.00 GB
Initial GC threshold: 21.00 MB
Current GC threshold: 97.31 MB
CDS: on
 - commit_granule_bytes: 65536.
 - commit_granule_words: 8192.
 - virtual_space_node_default_size: 8388608.
 - enlarge_chunks_in_place: 1.
 - use_allocation_guard: 0.


Internal statistics:

num_allocs_failed_limit: 9.
num_arena_births: 1254.
num_arena_deaths: 14.
num_vsnodes_births: 2.
num_vsnodes_deaths: 0.
num_space_committed: 1107.
num_space_uncommitted: 0.
num_chunks_returned_to_freelist: 23.
num_chunks_taken_from_freelist: 4405.
num_chunk_merges: 13.
num_chunk_splits: 2668.
num_chunks_enlarged: 1439.
num_inconsistent_stats: 0.

CodeHeap 'non-profiled nmethods': size=120000Kb used=6075Kb max_used=6075Kb free=113924Kb
 bounds [0x0000023eeef30000, 0x0000023eef520000, 0x0000023ef6460000]
CodeHeap 'profiled nmethods': size=120000Kb used=25187Kb max_used=25187Kb free=94812Kb
 bounds [0x0000023ee7460000, 0x0000023ee8d00000, 0x0000023eee990000]
CodeHeap 'non-nmethods': size=5760Kb used=1478Kb max_used=1522Kb free=4281Kb
 bounds [0x0000023eee990000, 0x0000023eeec00000, 0x0000023eeef30000]
CodeCache: size=245760Kb, used=32740Kb, max_used=32784Kb, free=213017Kb
 total_blobs=12633, nmethods=11843, adapters=695, full_count=0
Compilation: enabled, stopped_count=0, restarted_count=0

Compilation events (20 events):
Event: 61.711 Thread 0x0000023ece093680 nmethod 12625 0x0000023eef517f10 code [0x0000023eef5180a0, 0x0000023eef518230]
Event: 61.712 Thread 0x0000023ee2d0a620 12627       3       org.eclipse.jdt.internal.core.OverflowingLRUCache::privateRemoveEntry (140 bytes)
Event: 61.712 Thread 0x0000023ee2d0a620 nmethod 12627 0x0000023ee8ca3c10 code [0x0000023ee8ca3e20, 0x0000023ee8ca4520]
Event: 61.713 Thread 0x0000023ee2d0a620 12628       3       org.eclipse.jdt.internal.core.PackageFragment::exists (25 bytes)
Event: 61.713 Thread 0x0000023ee2d0a620 nmethod 12628 0x0000023ee8ca4710 code [0x0000023ee8ca48e0, 0x0000023ee8ca4b48]
Event: 61.714 Thread 0x0000023ece093680 12629   !   4       org.eclipse.jdt.internal.core.NameLookup::getModuleDescription (232 bytes)
Event: 61.714 Thread 0x0000023ee2d0a620 12631       3       org.eclipse.jdt.internal.core.NameLookup::trim (31 bytes)
Event: 61.715 Thread 0x0000023ee2d0a620 nmethod 12631 0x0000023ee8ca4c10 code [0x0000023ee8ca4e00, 0x0000023ee8ca53f8]
Event: 61.715 Thread 0x0000023ee2d0a620 12630   !   3       org.eclipse.jdt.internal.core.NameLookup::isPackage (208 bytes)
Event: 61.716 Thread 0x0000023ee2d0a620 nmethod 12630 0x0000023ee8ca5610 code [0x0000023ee8ca5900, 0x0000023ee8ca6a70]
Event: 61.716 Thread 0x0000023ee2d0a620 12634       3       org.eclipse.jdt.internal.core.JavaElement::getChildren (26 bytes)
Event: 61.717 Thread 0x0000023ee2d0a620 nmethod 12634 0x0000023ee8ca7090 code [0x0000023ee8ca7260, 0x0000023ee8ca7738]
Event: 61.717 Thread 0x0000023ee2d0a620 12632       3       java.util.ImmutableCollections$MapN::containsKey (26 bytes)
Event: 61.717 Thread 0x0000023ee2d0a620 nmethod 12632 0x0000023ee8ca7810 code [0x0000023ee8ca79e0, 0x0000023ee8ca7d08]
Event: 61.717 Thread 0x0000023ee2d0a620 12636       3       org.eclipse.jdt.internal.core.JavaElement::getParent (5 bytes)
Event: 61.717 Thread 0x0000023ee2d0a620 nmethod 12636 0x0000023ee8ca7e10 code [0x0000023ee8ca7fa0, 0x0000023ee8ca8148]
Event: 61.718 Thread 0x0000023ee2d0a620 12637       3       org.eclipse.jdt.internal.core.util.Util::concatWith (90 bytes)
Event: 61.718 Thread 0x0000023ee2d0a620 nmethod 12637 0x0000023ee8ca8210 code [0x0000023ee8ca8480, 0x0000023ee8ca8cf8]
Event: 61.718 Thread 0x0000023ee2d0a620 12638       3       org.eclipse.jdt.internal.core.SourceRefElement::<init> (27 bytes)
Event: 61.719 Thread 0x0000023ee2d0a620 nmethod 12638 0x0000023ee8ca9110 code [0x0000023ee8ca9300, 0x0000023ee8ca97d0]

GC Heap History (20 events):
Event: 60.154 GC heap before
{Heap before GC invocations=157 (full 3):
 PSYoungGen      total 7680K, used 7456K [0x00000000d5580000, 0x00000000d5e00000, 0x0000000100000000)
  eden space 7168K, 100% used [0x00000000d5580000,0x00000000d5c80000,0x00000000d5c80000)
  from space 512K, 56% used [0x00000000d5d00000,0x00000000d5d48000,0x00000000d5d80000)
  to   space 512K, 0% used [0x00000000d5d80000,0x00000000d5d80000,0x00000000d5e00000)
 ParOldGen       total 88576K, used 88165K [0x0000000080000000, 0x0000000085680000, 0x00000000d5580000)
  object space 88576K, 99% used [0x0000000080000000,0x00000000856195d0,0x0000000085680000)
 Metaspace       used 69042K, committed 70656K, reserved 1114112K
  class space    used 7317K, committed 8000K, reserved 1048576K
}
Event: 60.156 GC heap after
{Heap after GC invocations=157 (full 3):
 PSYoungGen      total 7680K, used 320K [0x00000000d5580000, 0x00000000d5e00000, 0x0000000100000000)
  eden space 7168K, 0% used [0x00000000d5580000,0x00000000d5580000,0x00000000d5c80000)
  from space 512K, 62% used [0x00000000d5d80000,0x00000000d5dd0000,0x00000000d5e00000)
  to   space 512K, 0% used [0x00000000d5d00000,0x00000000d5d00000,0x00000000d5d80000)
 ParOldGen       total 88576K, used 88309K [0x0000000080000000, 0x0000000085680000, 0x00000000d5580000)
  object space 88576K, 99% used [0x0000000080000000,0x000000008563d5d0,0x0000000085680000)
 Metaspace       used 69042K, committed 70656K, reserved 1114112K
  class space    used 7317K, committed 8000K, reserved 1048576K
}
Event: 60.202 GC heap before
{Heap before GC invocations=158 (full 3):
 PSYoungGen      total 7680K, used 7488K [0x00000000d5580000, 0x00000000d5e00000, 0x0000000100000000)
  eden space 7168K, 100% used [0x00000000d5580000,0x00000000d5c80000,0x00000000d5c80000)
  from space 512K, 62% used [0x00000000d5d80000,0x00000000d5dd0000,0x00000000d5e00000)
  to   space 512K, 0% used [0x00000000d5d00000,0x00000000d5d00000,0x00000000d5d80000)
 ParOldGen       total 88576K, used 88309K [0x0000000080000000, 0x0000000085680000, 0x00000000d5580000)
  object space 88576K, 99% used [0x0000000080000000,0x000000008563d5d0,0x0000000085680000)
 Metaspace       used 69042K, committed 70656K, reserved 1114112K
  class space    used 7317K, committed 8000K, reserved 1048576K
}
Event: 60.203 GC heap after
{Heap after GC invocations=158 (full 3):
 PSYoungGen      total 7680K, used 320K [0x00000000d5580000, 0x00000000d5e00000, 0x0000000100000000)
  eden space 7168K, 0% used [0x00000000d5580000,0x00000000d5580000,0x00000000d5c80000)
  from space 512K, 62% used [0x00000000d5d00000,0x00000000d5d50000,0x00000000d5d80000)
  to   space 512K, 0% used [0x00000000d5d80000,0x00000000d5d80000,0x00000000d5e00000)
 ParOldGen       total 88576K, used 88453K [0x0000000080000000, 0x0000000085680000, 0x00000000d5580000)
  object space 88576K, 99% used [0x0000000080000000,0x00000000856615d0,0x0000000085680000)
 Metaspace       used 69042K, committed 70656K, reserved 1114112K
  class space    used 7317K, committed 8000K, reserved 1048576K
}
Event: 60.231 GC heap before
{Heap before GC invocations=159 (full 3):
 PSYoungGen      total 7680K, used 7488K [0x00000000d5580000, 0x00000000d5e00000, 0x0000000100000000)
  eden space 7168K, 100% used [0x00000000d5580000,0x00000000d5c80000,0x00000000d5c80000)
  from space 512K, 62% used [0x00000000d5d00000,0x00000000d5d50000,0x00000000d5d80000)
  to   space 512K, 0% used [0x00000000d5d80000,0x00000000d5d80000,0x00000000d5e00000)
 ParOldGen       total 88576K, used 88453K [0x0000000080000000, 0x0000000085680000, 0x00000000d5580000)
  object space 88576K, 99% used [0x0000000080000000,0x00000000856615d0,0x0000000085680000)
 Metaspace       used 69042K, committed 70656K, reserved 1114112K
  class space    used 7317K, committed 8000K, reserved 1048576K
}
Event: 60.232 GC heap after
{Heap after GC invocations=159 (full 3):
 PSYoungGen      total 7680K, used 288K [0x00000000d5580000, 0x00000000d5e00000, 0x0000000100000000)
  eden space 7168K, 0% used [0x00000000d5580000,0x00000000d5580000,0x00000000d5c80000)
  from space 512K, 56% used [0x00000000d5d80000,0x00000000d5dc8000,0x00000000d5e00000)
  to   space 512K, 0% used [0x00000000d5d00000,0x00000000d5d00000,0x00000000d5d80000)
 ParOldGen       total 88576K, used 88549K [0x0000000080000000, 0x0000000085680000, 0x00000000d5580000)
  object space 88576K, 99% used [0x0000000080000000,0x00000000856795d0,0x0000000085680000)
 Metaspace       used 69042K, committed 70656K, reserved 1114112K
  class space    used 7317K, committed 8000K, reserved 1048576K
}
Event: 60.261 GC heap before
{Heap before GC invocations=160 (full 3):
 PSYoungGen      total 7680K, used 7456K [0x00000000d5580000, 0x00000000d5e00000, 0x0000000100000000)
  eden space 7168K, 100% used [0x00000000d5580000,0x00000000d5c80000,0x00000000d5c80000)
  from space 512K, 56% used [0x00000000d5d80000,0x00000000d5dc8000,0x00000000d5e00000)
  to   space 512K, 0% used [0x00000000d5d00000,0x00000000d5d00000,0x00000000d5d80000)
 ParOldGen       total 88576K, used 88549K [0x0000000080000000, 0x0000000085680000, 0x00000000d5580000)
  object space 88576K, 99% used [0x0000000080000000,0x00000000856795d0,0x0000000085680000)
 Metaspace       used 69043K, committed 70656K, reserved 1114112K
  class space    used 7317K, committed 8000K, reserved 1048576K
}
Event: 60.262 GC heap after
{Heap after GC invocations=160 (full 3):
 PSYoungGen      total 7680K, used 320K [0x00000000d5580000, 0x00000000d5e00000, 0x0000000100000000)
  eden space 7168K, 0% used [0x00000000d5580000,0x00000000d5580000,0x00000000d5c80000)
  from space 512K, 62% used [0x00000000d5d00000,0x00000000d5d50000,0x00000000d5d80000)
  to   space 512K, 0% used [0x00000000d5d80000,0x00000000d5d80000,0x00000000d5e00000)
 ParOldGen       total 89088K, used 88637K [0x0000000080000000, 0x0000000085700000, 0x00000000d5580000)
  object space 89088K, 99% used [0x0000000080000000,0x000000008568f5d0,0x0000000085700000)
 Metaspace       used 69043K, committed 70656K, reserved 1114112K
  class space    used 7317K, committed 8000K, reserved 1048576K
}
Event: 60.297 GC heap before
{Heap before GC invocations=161 (full 3):
 PSYoungGen      total 7680K, used 7488K [0x00000000d5580000, 0x00000000d5e00000, 0x0000000100000000)
  eden space 7168K, 100% used [0x00000000d5580000,0x00000000d5c80000,0x00000000d5c80000)
  from space 512K, 62% used [0x00000000d5d00000,0x00000000d5d50000,0x00000000d5d80000)
  to   space 512K, 0% used [0x00000000d5d80000,0x00000000d5d80000,0x00000000d5e00000)
 ParOldGen       total 89088K, used 88637K [0x0000000080000000, 0x0000000085700000, 0x00000000d5580000)
  object space 89088K, 99% used [0x0000000080000000,0x000000008568f5d0,0x0000000085700000)
 Metaspace       used 69044K, committed 70656K, reserved 1114112K
  class space    used 7317K, committed 8000K, reserved 1048576K
}
Event: 60.299 GC heap after
{Heap after GC invocations=161 (full 3):
 PSYoungGen      total 7680K, used 288K [0x00000000d5580000, 0x00000000d5e00000, 0x0000000100000000)
  eden space 7168K, 0% used [0x00000000d5580000,0x00000000d5580000,0x00000000d5c80000)
  from space 512K, 56% used [0x00000000d5d80000,0x00000000d5dc8000,0x00000000d5e00000)
  to   space 512K, 0% used [0x00000000d5d00000,0x00000000d5d00000,0x00000000d5d80000)
 ParOldGen       total 89088K, used 88773K [0x0000000080000000, 0x0000000085700000, 0x00000000d5580000)
  object space 89088K, 99% used [0x0000000080000000,0x00000000856b15d0,0x0000000085700000)
 Metaspace       used 69044K, committed 70656K, reserved 1114112K
  class space    used 7317K, committed 8000K, reserved 1048576K
}
Event: 60.351 GC heap before
{Heap before GC invocations=162 (full 3):
 PSYoungGen      total 7680K, used 7456K [0x00000000d5580000, 0x00000000d5e00000, 0x0000000100000000)
  eden space 7168K, 100% used [0x00000000d5580000,0x00000000d5c80000,0x00000000d5c80000)
  from space 512K, 56% used [0x00000000d5d80000,0x00000000d5dc8000,0x00000000d5e00000)
  to   space 512K, 0% used [0x00000000d5d00000,0x00000000d5d00000,0x00000000d5d80000)
 ParOldGen       total 89088K, used 88773K [0x0000000080000000, 0x0000000085700000, 0x00000000d5580000)
  object space 89088K, 99% used [0x0000000080000000,0x00000000856b15d0,0x0000000085700000)
 Metaspace       used 69044K, committed 70656K, reserved 1114112K
  class space    used 7317K, committed 8000K, reserved 1048576K
}
Event: 60.352 GC heap after
{Heap after GC invocations=162 (full 3):
 PSYoungGen      total 7680K, used 320K [0x00000000d5580000, 0x00000000d5e00000, 0x0000000100000000)
  eden space 7168K, 0% used [0x00000000d5580000,0x00000000d5580000,0x00000000d5c80000)
  from space 512K, 62% used [0x00000000d5d00000,0x00000000d5d50000,0x00000000d5d80000)
  to   space 512K, 0% used [0x00000000d5d80000,0x00000000d5d80000,0x00000000d5e00000)
 ParOldGen       total 89088K, used 88893K [0x0000000080000000, 0x0000000085700000, 0x00000000d5580000)
  object space 89088K, 99% used [0x0000000080000000,0x00000000856cf5d0,0x0000000085700000)
 Metaspace       used 69044K, committed 70656K, reserved 1114112K
  class space    used 7317K, committed 8000K, reserved 1048576K
}
Event: 60.360 GC heap before
{Heap before GC invocations=163 (full 3):
 PSYoungGen      total 7680K, used 7488K [0x00000000d5580000, 0x00000000d5e00000, 0x0000000100000000)
  eden space 7168K, 100% used [0x00000000d5580000,0x00000000d5c80000,0x00000000d5c80000)
  from space 512K, 62% used [0x00000000d5d00000,0x00000000d5d50000,0x00000000d5d80000)
  to   space 512K, 0% used [0x00000000d5d80000,0x00000000d5d80000,0x00000000d5e00000)
 ParOldGen       total 89088K, used 88893K [0x0000000080000000, 0x0000000085700000, 0x00000000d5580000)
  object space 89088K, 99% used [0x0000000080000000,0x00000000856cf5d0,0x0000000085700000)
 Metaspace       used 69044K, committed 70656K, reserved 1114112K
  class space    used 7317K, committed 8000K, reserved 1048576K
}
Event: 60.361 GC heap after
{Heap after GC invocations=163 (full 3):
 PSYoungGen      total 7680K, used 224K [0x00000000d5580000, 0x00000000d5e00000, 0x0000000100000000)
  eden space 7168K, 0% used [0x00000000d5580000,0x00000000d5580000,0x00000000d5c80000)
  from space 512K, 43% used [0x00000000d5d80000,0x00000000d5db8000,0x00000000d5e00000)
  to   space 512K, 0% used [0x00000000d5d00000,0x00000000d5d00000,0x00000000d5d80000)
 ParOldGen       total 89088K, used 89069K [0x0000000080000000, 0x0000000085700000, 0x00000000d5580000)
  object space 89088K, 99% used [0x0000000080000000,0x00000000856fb5d0,0x0000000085700000)
 Metaspace       used 69044K, committed 70656K, reserved 1114112K
  class space    used 7317K, committed 8000K, reserved 1048576K
}
Event: 60.380 GC heap before
{Heap before GC invocations=164 (full 3):
 PSYoungGen      total 7680K, used 7392K [0x00000000d5580000, 0x00000000d5e00000, 0x0000000100000000)
  eden space 7168K, 100% used [0x00000000d5580000,0x00000000d5c80000,0x00000000d5c80000)
  from space 512K, 43% used [0x00000000d5d80000,0x00000000d5db8000,0x00000000d5e00000)
  to   space 512K, 0% used [0x00000000d5d00000,0x00000000d5d00000,0x00000000d5d80000)
 ParOldGen       total 89088K, used 89069K [0x0000000080000000, 0x0000000085700000, 0x00000000d5580000)
  object space 89088K, 99% used [0x0000000080000000,0x00000000856fb5d0,0x0000000085700000)
 Metaspace       used 69044K, committed 70656K, reserved 1114112K
  class space    used 7317K, committed 8000K, reserved 1048576K
}
Event: 60.382 GC heap after
{Heap after GC invocations=164 (full 3):
 PSYoungGen      total 7680K, used 384K [0x00000000d5580000, 0x00000000d5e00000, 0x0000000100000000)
  eden space 7168K, 0% used [0x00000000d5580000,0x00000000d5580000,0x00000000d5c80000)
  from space 512K, 75% used [0x00000000d5d00000,0x00000000d5d60000,0x00000000d5d80000)
  to   space 512K, 0% used [0x00000000d5d80000,0x00000000d5d80000,0x00000000d5e00000)
 ParOldGen       total 89600K, used 89229K [0x0000000080000000, 0x0000000085780000, 0x00000000d5580000)
  object space 89600K, 99% used [0x0000000080000000,0x00000000857235d0,0x0000000085780000)
 Metaspace       used 69044K, committed 70656K, reserved 1114112K
  class space    used 7317K, committed 8000K, reserved 1048576K
}
Event: 60.447 GC heap before
{Heap before GC invocations=165 (full 3):
 PSYoungGen      total 7680K, used 7552K [0x00000000d5580000, 0x00000000d5e00000, 0x0000000100000000)
  eden space 7168K, 100% used [0x00000000d5580000,0x00000000d5c80000,0x00000000d5c80000)
  from space 512K, 75% used [0x00000000d5d00000,0x00000000d5d60000,0x00000000d5d80000)
  to   space 512K, 0% used [0x00000000d5d80000,0x00000000d5d80000,0x00000000d5e00000)
 ParOldGen       total 89600K, used 89229K [0x0000000080000000, 0x0000000085780000, 0x00000000d5580000)
  object space 89600K, 99% used [0x0000000080000000,0x00000000857235d0,0x0000000085780000)
 Metaspace       used 69045K, committed 70656K, reserved 1114112K
  class space    used 7317K, committed 8000K, reserved 1048576K
}
Event: 60.450 GC heap after
{Heap after GC invocations=165 (full 3):
 PSYoungGen      total 7680K, used 288K [0x00000000d5580000, 0x00000000d5e00000, 0x0000000100000000)
  eden space 7168K, 0% used [0x00000000d5580000,0x00000000d5580000,0x00000000d5c80000)
  from space 512K, 56% used [0x00000000d5d80000,0x00000000d5dc8000,0x00000000d5e00000)
  to   space 512K, 0% used [0x00000000d5d00000,0x00000000d5d00000,0x00000000d5d80000)
 ParOldGen       total 90624K, used 90141K [0x0000000080000000, 0x0000000085880000, 0x00000000d5580000)
  object space 90624K, 99% used [0x0000000080000000,0x00000000858075d0,0x0000000085880000)
 Metaspace       used 69045K, committed 70656K, reserved 1114112K
  class space    used 7317K, committed 8000K, reserved 1048576K
}
Event: 61.607 GC heap before
{Heap before GC invocations=166 (full 3):
 PSYoungGen      total 7680K, used 7456K [0x00000000d5580000, 0x00000000d5e00000, 0x0000000100000000)
  eden space 7168K, 100% used [0x00000000d5580000,0x00000000d5c80000,0x00000000d5c80000)
  from space 512K, 56% used [0x00000000d5d80000,0x00000000d5dc8000,0x00000000d5e00000)
  to   space 512K, 0% used [0x00000000d5d00000,0x00000000d5d00000,0x00000000d5d80000)
 ParOldGen       total 90624K, used 90141K [0x0000000080000000, 0x0000000085880000, 0x00000000d5580000)
  object space 90624K, 99% used [0x0000000080000000,0x00000000858075d0,0x0000000085880000)
 Metaspace       used 69194K, committed 70784K, reserved 1114112K
  class space    used 7344K, committed 8000K, reserved 1048576K
}
Event: 61.611 GC heap after
{Heap after GC invocations=166 (full 3):
 PSYoungGen      total 7680K, used 512K [0x00000000d5580000, 0x00000000d5f80000, 0x0000000100000000)
  eden space 7168K, 0% used [0x00000000d5580000,0x00000000d5580000,0x00000000d5c80000)
  from space 512K, 100% used [0x00000000d5d00000,0x00000000d5d80000,0x00000000d5d80000)
  to   space 1536K, 0% used [0x00000000d5e00000,0x00000000d5e00000,0x00000000d5f80000)
 ParOldGen       total 91136K, used 90669K [0x0000000080000000, 0x0000000085900000, 0x00000000d5580000)
  object space 91136K, 99% used [0x0000000080000000,0x000000008588b5f0,0x0000000085900000)
 Metaspace       used 69194K, committed 70784K, reserved 1114112K
  class space    used 7344K, committed 8000K, reserved 1048576K
}

Dll operation events (12 events):
Event: 0.029 Loaded shared library c:\Users\heman\.vscode\extensions\redhat.java-1.45.0-win32-x64\jre\21.0.8-win32-x86_64\bin\java.dll
Event: 0.255 Loaded shared library c:\Users\heman\.vscode\extensions\redhat.java-1.45.0-win32-x64\jre\21.0.8-win32-x86_64\bin\zip.dll
Event: 0.303 Loaded shared library C:\Users\heman\.vscode\extensions\redhat.java-1.45.0-win32-x64\jre\21.0.8-win32-x86_64\bin\instrument.dll
Event: 0.312 Loaded shared library C:\Users\heman\.vscode\extensions\redhat.java-1.45.0-win32-x64\jre\21.0.8-win32-x86_64\bin\net.dll
Event: 0.321 Loaded shared library C:\Users\heman\.vscode\extensions\redhat.java-1.45.0-win32-x64\jre\21.0.8-win32-x86_64\bin\nio.dll
Event: 0.328 Loaded shared library C:\Users\heman\.vscode\extensions\redhat.java-1.45.0-win32-x64\jre\21.0.8-win32-x86_64\bin\zip.dll
Event: 0.366 Loaded shared library C:\Users\heman\.vscode\extensions\redhat.java-1.45.0-win32-x64\jre\21.0.8-win32-x86_64\bin\jimage.dll
Event: 0.609 Loaded shared library c:\Users\heman\.vscode\extensions\redhat.java-1.45.0-win32-x64\jre\21.0.8-win32-x86_64\bin\verify.dll
Event: 17.830 Loaded shared library C:\Users\heman\AppData\Roaming\Code\User\globalStorage\redhat.java\1.45.0\config_win\org.eclipse.equinox.launcher\org.eclipse.equinox.launcher.win32.win32.x86_64_1.2.1400.v20250801-0854\eclipse_11916.dll
Event: 36.043 Loaded shared library C:\Users\heman\AppData\Local\Temp\jna-99162941\jna1469813820267797161.dll
Event: 38.965 Loaded shared library C:\Users\heman\.vscode\extensions\redhat.java-1.45.0-win32-x64\jre\21.0.8-win32-x86_64\bin\sunmscapi.dll
Event: 39.120 Loaded shared library C:\Users\heman\.vscode\extensions\redhat.java-1.45.0-win32-x64\jre\21.0.8-win32-x86_64\bin\extnet.dll

Deoptimization events (20 events):
Event: 60.508 Thread 0x0000023ec5fbd5d0 Uncommon trap: trap_request=0xffffff6e fr.pc=0x0000023eef49fb8c relative=0x00000000000003ac
Event: 60.508 Thread 0x0000023ec5fbd5d0 Uncommon trap: reason=loop_limit_check action=maybe_recompile pc=0x0000023eef49fb8c method=org.eclipse.jdt.core.compiler.CharOperation.concatWith([[CC)[C @ 121 c2
Event: 60.508 Thread 0x0000023ec5fbd5d0 DEOPT PACKING pc=0x0000023eef49fb8c sp=0x000000c86eafe550
Event: 60.508 Thread 0x0000023ec5fbd5d0 DEOPT UNPACKING pc=0x0000023eee9e3aa2 sp=0x000000c86eafe510 mode 2
Event: 60.510 Thread 0x0000023ec5f1e6f0 Uncommon trap: trap_request=0xffffff6e fr.pc=0x0000023eef4ba2a4 relative=0x00000000000003a4
Event: 60.510 Thread 0x0000023ec5f1e6f0 Uncommon trap: reason=loop_limit_check action=maybe_recompile pc=0x0000023eef4ba2a4 method=org.eclipse.jdt.internal.core.util.HashtableOfArrayToObject.hashCode([Ljava/lang/Object;I)I @ 27 c2
Event: 60.510 Thread 0x0000023ec5f1e6f0 DEOPT PACKING pc=0x0000023eef4ba2a4 sp=0x000000c86edfe550
Event: 60.510 Thread 0x0000023ec5f1e6f0 DEOPT UNPACKING pc=0x0000023eee9e3aa2 sp=0x000000c86edfe4d8 mode 2
Event: 61.689 Thread 0x0000023ec5fbd5d0 Uncommon trap: trap_request=0xffffff45 fr.pc=0x0000023eeef966b8 relative=0x0000000000000e18
Event: 61.689 Thread 0x0000023ec5fbd5d0 Uncommon trap: reason=unstable_if action=reinterpret pc=0x0000023eeef966b8 method=org.eclipse.jdt.internal.core.index.DiskIndex.readStreamChars(Ljava/io/InputStream;)[C @ 1 c2
Event: 61.689 Thread 0x0000023ec5fbd5d0 DEOPT PACKING pc=0x0000023eeef966b8 sp=0x000000c86eafc530
Event: 61.689 Thread 0x0000023ec5fbd5d0 DEOPT UNPACKING pc=0x0000023eee9e3aa2 sp=0x000000c86eafc4a8 mode 2
Event: 61.718 Thread 0x0000023ec5fbd5d0 Uncommon trap: trap_request=0xffffff76 fr.pc=0x0000023eef3d451c relative=0x000000000000181c
Event: 61.718 Thread 0x0000023ec5fbd5d0 Uncommon trap: reason=predicate action=maybe_recompile pc=0x0000023eef3d451c method=java.util.TimSort.reverseRange([Ljava/lang/Object;II)V @ 5 c2
Event: 61.718 Thread 0x0000023ec5fbd5d0 DEOPT PACKING pc=0x0000023eef3d451c sp=0x000000c86eafc750
Event: 61.718 Thread 0x0000023ec5fbd5d0 DEOPT UNPACKING pc=0x0000023eee9e3aa2 sp=0x000000c86eafc620 mode 2
Event: 61.718 Thread 0x0000023ec5fbd5d0 Uncommon trap: trap_request=0xffffff76 fr.pc=0x0000023eef264290 relative=0x0000000000000450
Event: 61.718 Thread 0x0000023ec5fbd5d0 Uncommon trap: reason=predicate action=maybe_recompile pc=0x0000023eef264290 method=java.util.TimSort.binarySort([Ljava/lang/Object;IIILjava/util/Comparator;)V @ 34 c2
Event: 61.718 Thread 0x0000023ec5fbd5d0 DEOPT PACKING pc=0x0000023eef264290 sp=0x000000c86eafc6b0
Event: 61.718 Thread 0x0000023ec5fbd5d0 DEOPT UNPACKING pc=0x0000023eee9e3aa2 sp=0x000000c86eafc678 mode 2

Classes loaded (20 events):
Event: 52.957 Loading class java/util/concurrent/CompletionException
Event: 52.959 Loading class java/util/concurrent/CompletionException done
Event: 52.968 Loading class java/nio/file/FileTreeWalker$1
Event: 52.969 Loading class java/nio/file/FileTreeWalker$1 done
Event: 55.598 Loading class java/util/Collections$SynchronizedRandomAccessList
Event: 55.600 Loading class java/util/Collections$SynchronizedList
Event: 55.601 Loading class java/util/Collections$SynchronizedList done
Event: 55.601 Loading class java/util/Collections$SynchronizedRandomAccessList done
Event: 55.610 Loading class java/util/concurrent/CompletableFuture$Signaller
Event: 55.611 Loading class java/util/concurrent/CompletableFuture$Signaller done
Event: 56.025 Loading class java/nio/charset/CharacterCodingException
Event: 56.025 Loading class java/nio/charset/CharacterCodingException done
Event: 56.025 Loading class java/io/SequenceInputStream
Event: 56.026 Loading class java/io/SequenceInputStream done
Event: 56.097 Loading class java/util/concurrent/CompletableFuture$UniApply
Event: 56.097 Loading class java/util/concurrent/CompletableFuture$UniApply done
Event: 56.098 Loading class java/util/concurrent/CompletableFuture$UniExceptionally
Event: 56.098 Loading class java/util/concurrent/CompletableFuture$UniExceptionally done
Event: 56.519 Loading class java/lang/UnsupportedClassVersionError
Event: 56.520 Loading class java/lang/UnsupportedClassVersionError done

Classes unloaded (7 events):
Event: 36.742 Thread 0x0000023ee2cf0b30 Unloading class 0x0000023e811a7000 'java/lang/invoke/LambdaForm$MH+0x0000023e811a7000'
Event: 36.742 Thread 0x0000023ee2cf0b30 Unloading class 0x0000023e811a6c00 'java/lang/invoke/LambdaForm$MH+0x0000023e811a6c00'
Event: 36.742 Thread 0x0000023ee2cf0b30 Unloading class 0x0000023e811a6800 'java/lang/invoke/LambdaForm$MH+0x0000023e811a6800'
Event: 36.742 Thread 0x0000023ee2cf0b30 Unloading class 0x0000023e811a6400 'java/lang/invoke/LambdaForm$MH+0x0000023e811a6400'
Event: 36.742 Thread 0x0000023ee2cf0b30 Unloading class 0x0000023e811a6000 'java/lang/invoke/LambdaForm$BMH+0x0000023e811a6000'
Event: 36.742 Thread 0x0000023ee2cf0b30 Unloading class 0x0000023e811a5c00 'java/lang/invoke/LambdaForm$DMH+0x0000023e811a5c00'
Event: 36.742 Thread 0x0000023ee2cf0b30 Unloading class 0x0000023e811a4800 'java/lang/invoke/LambdaForm$DMH+0x0000023e811a4800'

Classes redefined (0 events):
No events

Internal exceptions (20 events):
Event: 56.085 Thread 0x0000023efe17a3b0 Exception <a 'sun/nio/fs/WindowsException'{0x00000000d5733a98}> (0x00000000d5733a98) 
thrown [s\src\hotspot\share\prims\jni.cpp, line 520]
Event: 56.086 Thread 0x0000023efe17a3b0 Exception <a 'sun/nio/fs/WindowsException'{0x00000000d5734340}> (0x00000000d5734340) 
thrown [s\src\hotspot\share\prims\jni.cpp, line 520]
Event: 56.087 Thread 0x0000023efe17a3b0 Exception <a 'sun/nio/fs/WindowsException'{0x00000000d5735518}> (0x00000000d5735518) 
thrown [s\src\hotspot\share\prims\jni.cpp, line 520]
Event: 56.087 Thread 0x0000023efe17a3b0 Exception <a 'sun/nio/fs/WindowsException'{0x00000000d5735dc0}> (0x00000000d5735dc0) 
thrown [s\src\hotspot\share\prims\jni.cpp, line 520]
Event: 56.088 Thread 0x0000023efe17a3b0 Exception <a 'sun/nio/fs/WindowsException'{0x00000000d5736fe8}> (0x00000000d5736fe8) 
thrown [s\src\hotspot\share\prims\jni.cpp, line 520]
Event: 56.089 Thread 0x0000023efe17a3b0 Exception <a 'sun/nio/fs/WindowsException'{0x00000000d57378c8}> (0x00000000d57378c8) 
thrown [s\src\hotspot\share\prims\jni.cpp, line 520]
Event: 56.090 Thread 0x0000023efe17a3b0 Exception <a 'sun/nio/fs/WindowsException'{0x00000000d5738af8}> (0x00000000d5738af8) 
thrown [s\src\hotspot\share\prims\jni.cpp, line 520]
Event: 56.090 Thread 0x0000023efe17a3b0 Exception <a 'sun/nio/fs/WindowsException'{0x00000000d57393d8}> (0x00000000d57393d8) 
thrown [s\src\hotspot\share\prims\jni.cpp, line 520]
Event: 56.091 Thread 0x0000023efe17a3b0 Exception <a 'sun/nio/fs/WindowsException'{0x00000000d573a7f0}> (0x00000000d573a7f0) 
thrown [s\src\hotspot\share\prims\jni.cpp, line 520]
Event: 56.092 Thread 0x0000023efe17a3b0 Exception <a 'sun/nio/fs/WindowsException'{0x00000000d573b098}> (0x00000000d573b098) 
thrown [s\src\hotspot\share\prims\jni.cpp, line 520]
Event: 56.092 Thread 0x0000023efe17a3b0 Exception <a 'sun/nio/fs/WindowsException'{0x00000000d573c4b8}> (0x00000000d573c4b8) 
thrown [s\src\hotspot\share\prims\jni.cpp, line 520]
Event: 56.092 Thread 0x0000023efe17a3b0 Exception <a 'sun/nio/fs/WindowsException'{0x00000000d573cd60}> (0x00000000d573cd60) 
thrown [s\src\hotspot\share\prims\jni.cpp, line 520]
Event: 56.094 Thread 0x0000023efe17a3b0 Exception <a 'java/lang/IncompatibleClassChangeError'{0x00000000d575ca68}: Found class java.lang.Object, but interface was expected> (0x00000000d575ca68) 
thrown [s\src\hotspot\share\interpreter\linkResolver.cpp, line 840]
Event: 56.100 Thread 0x0000023efe17a3b0 Exception <a 'java/lang/IncompatibleClassChangeError'{0x00000000d57901b8}: Found class java.lang.Object, but interface was expected> (0x00000000d57901b8) 
thrown [s\src\hotspot\share\interpreter\linkResolver.cpp, line 840]
Event: 56.472 Thread 0x0000023ec5f1e6f0 Exception <a 'java/lang/NoSuchMethodError'{0x00000000d5871350}: 'java.lang.Object java.lang.invoke.DirectMethodHandle$Holder.invokeSpecial(java.lang.Object, java.lang.Object, int, long)'> (0x00000000d5871350) 
thrown [s\src\hotspot\share\interpreter\linkResolver.cpp, line 773]
Event: 56.567 Thread 0x0000023ec5fbd5d0 Exception <a 'java/lang/NoSuchMethodError'{0x00000000d5aab360}: 'int java.lang.invoke.Invokers$Holder.invokeExact_MT(java.lang.Object, java.lang.Object)'> (0x00000000d5aab360) 
thrown [s\src\hotspot\share\interpreter\linkResolver.cpp, line 773]
Event: 57.677 Thread 0x0000023ec5f1e6f0 Implicit null exception at 0x0000023eef48d0cb to 0x0000023eef48daa4
Event: 58.182 Thread 0x0000023ec5fbd5d0 Implicit null exception at 0x0000023eef49cc26 to 0x0000023eef49d1d0
Event: 58.573 Thread 0x0000023ec5fbd5d0 Exception <a 'java/lang/IncompatibleClassChangeError'{0x00000000d58d74f8}: Found class java.lang.Object, but interface was expected> (0x00000000d58d74f8) 
thrown [s\src\hotspot\share\interpreter\linkResolver.cpp, line 840]
Event: 61.689 Thread 0x0000023ec5fbd5d0 Implicit null exception at 0x0000023eeef958e4 to 0x0000023eeef966a4

ZGC Phase Switch (0 events):
No events

VM Operations (20 events):
Event: 60.261 Executing VM operation: ParallelGCFailedAllocation (Allocation Failure)
Event: 60.262 Executing VM operation: ParallelGCFailedAllocation (Allocation Failure) done
Event: 60.297 Executing VM operation: ParallelGCFailedAllocation (Allocation Failure)
Event: 60.299 Executing VM operation: ParallelGCFailedAllocation (Allocation Failure) done
Event: 60.351 Executing VM operation: ParallelGCFailedAllocation (Allocation Failure)
Event: 60.352 Executing VM operation: ParallelGCFailedAllocation (Allocation Failure) done
Event: 60.360 Executing VM operation: ParallelGCFailedAllocation (Allocation Failure)
Event: 60.361 Executing VM operation: ParallelGCFailedAllocation (Allocation Failure) done
Event: 60.380 Executing VM operation: ParallelGCFailedAllocation (Allocation Failure)
Event: 60.382 Executing VM operation: ParallelGCFailedAllocation (Allocation Failure) done
Event: 60.447 Executing VM operation: ParallelGCFailedAllocation (Allocation Failure)
Event: 60.450 Executing VM operation: ParallelGCFailedAllocation (Allocation Failure) done
Event: 60.551 Executing VM operation: HandshakeAllThreads (Deoptimize)
Event: 60.552 Executing VM operation: HandshakeAllThreads (Deoptimize) done
Event: 61.551 Executing VM operation: Cleanup
Event: 61.552 Executing VM operation: Cleanup done
Event: 61.607 Executing VM operation: ParallelGCFailedAllocation (Allocation Failure)
Event: 61.611 Executing VM operation: ParallelGCFailedAllocation (Allocation Failure) done
Event: 62.611 Executing VM operation: Cleanup
Event: 62.612 Executing VM operation: Cleanup done

Memory protections (0 events):
No events

Nmethod flushes (20 events):
Event: 42.638 Thread 0x0000023ee2cf0b30 flushing  nmethod 0x0000023ee7cfbb90
Event: 42.638 Thread 0x0000023ee2cf0b30 flushing  nmethod 0x0000023ee7cfe910
Event: 42.638 Thread 0x0000023ee2cf0b30 flushing  nmethod 0x0000023ee7d04110
Event: 42.638 Thread 0x0000023ee2cf0b30 flushing  nmethod 0x0000023ee7d04d90
Event: 42.638 Thread 0x0000023ee2cf0b30 flushing  nmethod 0x0000023ee7d05690
Event: 42.638 Thread 0x0000023ee2cf0b30 flushing osr nmethod 0x0000023ee7d40810
Event: 42.638 Thread 0x0000023ee2cf0b30 flushing  nmethod 0x0000023ee7d6b810
Event: 42.638 Thread 0x0000023ee2cf0b30 flushing  nmethod 0x0000023ee7d7aa10
Event: 42.638 Thread 0x0000023ee2cf0b30 flushing  nmethod 0x0000023ee7d84d10
Event: 42.638 Thread 0x0000023ee2cf0b30 flushing  nmethod 0x0000023ee7d85a10
Event: 42.638 Thread 0x0000023ee2cf0b30 flushing  nmethod 0x0000023ee7d99410
Event: 42.638 Thread 0x0000023ee2cf0b30 flushing  nmethod 0x0000023ee7dbbc90
Event: 42.638 Thread 0x0000023ee2cf0b30 flushing  nmethod 0x0000023ee7dde890
Event: 42.638 Thread 0x0000023ee2cf0b30 flushing  nmethod 0x0000023ee7ddf710
Event: 42.638 Thread 0x0000023ee2cf0b30 flushing  nmethod 0x0000023ee7ddff90
Event: 42.638 Thread 0x0000023ee2cf0b30 flushing  nmethod 0x0000023ee7de0690
Event: 42.638 Thread 0x0000023ee2cf0b30 flushing  nmethod 0x0000023ee7de1890
Event: 42.638 Thread 0x0000023ee2cf0b30 flushing  nmethod 0x0000023ee7de7010
Event: 42.638 Thread 0x0000023ee2cf0b30 flushing  nmethod 0x0000023ee7dea810
Event: 42.638 Thread 0x0000023ee2cf0b30 flushing  nmethod 0x0000023ee7deb010

Events (20 events):
Event: 46.770 Thread 0x0000023efde11200 Thread added: 0x0000023ec55e5580
Event: 46.770 Thread 0x0000023efde11200 Thread added: 0x0000023ec55e5c10
Event: 49.786 Thread 0x0000023ec55e6930 Thread exited: 0x0000023ec55e6930
Event: 49.786 Thread 0x0000023ec55e5c10 Thread exited: 0x0000023ec55e5c10
Event: 49.786 Thread 0x0000023ec55e4ef0 Thread exited: 0x0000023ec55e4ef0
Event: 49.786 Thread 0x0000023ec55e5580 Thread exited: 0x0000023ec55e5580
Event: 49.787 Thread 0x0000023efde11890 Thread exited: 0x0000023efde11890
Event: 51.138 Thread 0x0000023efde11200 Thread added: 0x0000023ec55e4ef0
Event: 51.138 Thread 0x0000023efde11200 Thread added: 0x0000023ec55e7650
Event: 51.138 Thread 0x0000023efde11200 Thread added: 0x0000023ec55e7ce0
Event: 51.138 Thread 0x0000023efde11200 Thread added: 0x0000023ec55e5c10
Event: 51.139 Thread 0x0000023efde11200 Thread added: 0x0000023ec55e8370
Event: 51.614 Thread 0x0000023ec55e8370 Thread exited: 0x0000023ec55e8370
Event: 51.615 Thread 0x0000023ec55e7ce0 Thread exited: 0x0000023ec55e7ce0
Event: 51.615 Thread 0x0000023ec55e4ef0 Thread exited: 0x0000023ec55e4ef0
Event: 51.615 Thread 0x0000023ec55e7650 Thread exited: 0x0000023ec55e7650
Event: 51.615 Thread 0x0000023ec55e5c10 Thread exited: 0x0000023ec55e5c10
Event: 55.156 Thread 0x0000023ec5f214e0 Thread exited: 0x0000023ec5f214e0
Event: 58.607 Thread 0x0000023ee2d0a620 Thread added: 0x0000023efe7c0200
Event: 60.512 Thread 0x0000023ee2d0a620 Thread added: 0x0000023ece093680


Dynamic libraries:
0x00007ff678ee0000 - 0x00007ff678eee000 	c:\Users\heman\.vscode\extensions\redhat.java-1.45.0-win32-x64\jre\21.0.8-win32-x86_64\bin\java.exe
0x00007ffaca1a0000 - 0x00007ffaca409000 	C:\WINDOWS\SYSTEM32\ntdll.dll
0x00007ffac8f80000 - 0x00007ffac9049000 	C:\WINDOWS\System32\KERNEL32.DLL
0x00007ffac76c0000 - 0x00007ffac7ab3000 	C:\WINDOWS\System32\KERNELBASE.dll
0x00007ffac7540000 - 0x00007ffac768b000 	C:\WINDOWS\System32\ucrtbase.dll
0x00007ffab7710000 - 0x00007ffab772e000 	c:\Users\heman\.vscode\extensions\redhat.java-1.45.0-win32-x64\jre\21.0.8-win32-x86_64\bin\VCRUNTIME140.dll
0x00007ffac0bf0000 - 0x00007ffac0c08000 	c:\Users\heman\.vscode\extensions\redhat.java-1.45.0-win32-x64\jre\21.0.8-win32-x86_64\bin\jli.dll
0x00007ffac8db0000 - 0x00007ffac8f74000 	C:\WINDOWS\System32\USER32.dll
0x00007ffab68b0000 - 0x00007ffab6b43000 	C:\WINDOWS\WinSxS\amd64_microsoft.windows.common-controls_6595b64144ccf1df_6.0.26100.5074_none_3e0d6f78e32fd63f\COMCTL32.dll
0x00007ffac7690000 - 0x00007ffac76b7000 	C:\WINDOWS\System32\win32u.dll
0x00007ffac8160000 - 0x00007ffac818b000 	C:\WINDOWS\System32\GDI32.dll
0x00007ffac8d00000 - 0x00007ffac8da9000 	C:\WINDOWS\System32\msvcrt.dll
0x00007ffac7d80000 - 0x00007ffac7ead000 	C:\WINDOWS\System32\gdi32full.dll
0x00007ffac7b60000 - 0x00007ffac7c03000 	C:\WINDOWS\System32\msvcp_win.dll
0x00007ffac9380000 - 0x00007ffac93af000 	C:\WINDOWS\System32\IMM32.DLL
0x00007ffac0ba0000 - 0x00007ffac0bac000 	c:\Users\heman\.vscode\extensions\redhat.java-1.45.0-win32-x64\jre\21.0.8-win32-x86_64\bin\vcruntime140_1.dll
0x00007ffab3ea0000 - 0x00007ffab3f2d000 	c:\Users\heman\.vscode\extensions\redhat.java-1.45.0-win32-x64\jre\21.0.8-win32-x86_64\bin\msvcp140.dll
0x00007ff9f7ab0000 - 0x00007ff9f8847000 	c:\Users\heman\.vscode\extensions\redhat.java-1.45.0-win32-x64\jre\21.0.8-win32-x86_64\bin\server\jvm.dll
0x00007ffac91f0000 - 0x00007ffac92a4000 	C:\WINDOWS\System32\ADVAPI32.dll
0x00007ffac9b50000 - 0x00007ffac9bf6000 	C:\WINDOWS\System32\sechost.dll
0x00007ffac9460000 - 0x00007ffac9578000 	C:\WINDOWS\System32\RPCRT4.dll
0x00007ffac93c0000 - 0x00007ffac9434000 	C:\WINDOWS\System32\WS2_32.dll
0x00007ffac71b0000 - 0x00007ffac720e000 	C:\WINDOWS\SYSTEM32\POWRPROF.dll
0x00007ffabe7d0000 - 0x00007ffabe7db000 	C:\WINDOWS\SYSTEM32\VERSION.dll
0x00007ffabe790000 - 0x00007ffabe7c5000 	C:\WINDOWS\SYSTEM32\WINMM.dll
0x00007ffac7190000 - 0x00007ffac71a4000 	C:\WINDOWS\SYSTEM32\UMPDC.dll
0x00007ffac6080000 - 0x00007ffac609b000 	C:\WINDOWS\SYSTEM32\kernel.appcore.dll
0x00007ffab77f0000 - 0x00007ffab77fa000 	c:\Users\heman\.vscode\extensions\redhat.java-1.45.0-win32-x64\jre\21.0.8-win32-x86_64\bin\jimage.dll
0x00007ffac4cf0000 - 0x00007ffac4f32000 	C:\WINDOWS\SYSTEM32\DBGHELP.DLL
0x00007ffac9c00000 - 0x00007ffac9f7b000 	C:\WINDOWS\System32\combase.dll
0x00007ffac82f0000 - 0x00007ffac83c7000 	C:\WINDOWS\System32\OLEAUT32.dll
0x00007ffaa7a80000 - 0x00007ffaa7abd000 	C:\WINDOWS\SYSTEM32\dbgcore.DLL
0x00007ffac7ac0000 - 0x00007ffac7b59000 	C:\WINDOWS\System32\bcryptPrimitives.dll
0x00007ffab3e90000 - 0x00007ffab3e9f000 	c:\Users\heman\.vscode\extensions\redhat.java-1.45.0-win32-x64\jre\21.0.8-win32-x86_64\bin\instrument.dll
0x00007ffab3e70000 - 0x00007ffab3e8f000 	c:\Users\heman\.vscode\extensions\redhat.java-1.45.0-win32-x64\jre\21.0.8-win32-x86_64\bin\java.dll
0x00007ffac83d0000 - 0x00007ffac8b1d000 	C:\WINDOWS\System32\SHELL32.dll
0x00007ffac7c10000 - 0x00007ffac7d7c000 	C:\WINDOWS\System32\wintypes.dll
0x00007ffac4f70000 - 0x00007ffac57c9000 	C:\WINDOWS\SYSTEM32\windows.storage.dll
0x00007ffac8b30000 - 0x00007ffac8c20000 	C:\WINDOWS\System32\SHCORE.dll
0x00007ffac9ae0000 - 0x00007ffac9b42000 	C:\WINDOWS\System32\shlwapi.dll
0x00007ffac7250000 - 0x00007ffac7279000 	C:\WINDOWS\SYSTEM32\profapi.dll
0x00007ffab3e10000 - 0x00007ffab3e28000 	c:\Users\heman\.vscode\extensions\redhat.java-1.45.0-win32-x64\jre\21.0.8-win32-x86_64\bin\zip.dll
0x00007ffab3d80000 - 0x00007ffab3d90000 	C:\Users\heman\.vscode\extensions\redhat.java-1.45.0-win32-x64\jre\21.0.8-win32-x86_64\bin\net.dll
0x00007ffabf730000 - 0x00007ffabf84f000 	C:\WINDOWS\SYSTEM32\WINHTTP.dll
0x00007ffac6690000 - 0x00007ffac66fb000 	C:\WINDOWS\system32\mswsock.dll
0x00007ffab3120000 - 0x00007ffab3136000 	C:\Users\heman\.vscode\extensions\redhat.java-1.45.0-win32-x64\jre\21.0.8-win32-x86_64\bin\nio.dll
0x00007ffab3d70000 - 0x00007ffab3d80000 	c:\Users\heman\.vscode\extensions\redhat.java-1.45.0-win32-x64\jre\21.0.8-win32-x86_64\bin\verify.dll
0x00007ffa83630000 - 0x00007ffa83674000 	C:\Users\heman\AppData\Roaming\Code\User\globalStorage\redhat.java\1.45.0\config_win\org.eclipse.equinox.launcher\org.eclipse.equinox.launcher.win32.win32.x86_64_1.2.1400.v20250801-0854\eclipse_11916.dll
0x00007ffac9050000 - 0x00007ffac91e8000 	C:\WINDOWS\System32\ole32.dll
0x00007ffac6930000 - 0x00007ffac694b000 	C:\WINDOWS\SYSTEM32\CRYPTSP.dll
0x00007ffac6040000 - 0x00007ffac607b000 	C:\WINDOWS\system32\rsaenh.dll
0x00007ffac6730000 - 0x00007ffac675b000 	C:\WINDOWS\SYSTEM32\USERENV.dll
0x00007ffac7220000 - 0x00007ffac7246000 	C:\WINDOWS\SYSTEM32\bcrypt.dll
0x00007ffac6950000 - 0x00007ffac695c000 	C:\WINDOWS\SYSTEM32\CRYPTBASE.dll
0x00007ffac5b30000 - 0x00007ffac5b64000 	C:\WINDOWS\SYSTEM32\IPHLPAPI.DLL
0x00007ffac7ff0000 - 0x00007ffac7ffa000 	C:\WINDOWS\System32\NSI.dll
0x00007ffa62480000 - 0x00007ffa624c9000 	C:\Users\heman\AppData\Local\Temp\jna-99162941\jna1469813820267797161.dll
0x00007ffac8c30000 - 0x00007ffac8c38000 	C:\WINDOWS\System32\PSAPI.DLL
0x00007ffabf990000 - 0x00007ffabf9ae000 	C:\WINDOWS\SYSTEM32\dhcpcsvc6.DLL
0x00007ffabf540000 - 0x00007ffabf563000 	C:\WINDOWS\SYSTEM32\dhcpcsvc.DLL
0x00007ffac1f40000 - 0x00007ffac1f4e000 	C:\Users\heman\.vscode\extensions\redhat.java-1.45.0-win32-x64\jre\21.0.8-win32-x86_64\bin\sunmscapi.dll
0x00007ffac73c0000 - 0x00007ffac7537000 	C:\WINDOWS\System32\CRYPT32.dll
0x00007ffac6ad0000 - 0x00007ffac6b00000 	C:\WINDOWS\SYSTEM32\ncrypt.dll
0x00007ffac6a80000 - 0x00007ffac6abf000 	C:\WINDOWS\SYSTEM32\NTASN1.dll
0x00007ffac5bd0000 - 0x00007ffac5cf6000 	C:\WINDOWS\SYSTEM32\DNSAPI.dll
0x00007ffab25c0000 - 0x00007ffab25cb000 	C:\Windows\System32\rasadhlp.dll
0x00007ffabc410000 - 0x00007ffabc496000 	C:\WINDOWS\System32\fwpuclnt.dll
0x00007ffac1f30000 - 0x00007ffac1f39000 	C:\Users\heman\.vscode\extensions\redhat.java-1.45.0-win32-x64\jre\21.0.8-win32-x86_64\bin\extnet.dll

JVMTI agents:
c:\Users\heman\.vscode\extensions\redhat.java-1.45.0-win32-x64\lombok\lombok-1.18.39-4050.jar path:c:\Users\heman\.vscode\extensions\redhat.java-1.45.0-win32-x64\jre\21.0.8-win32-x86_64\bin\instrument.dll, loaded, initialized, instrumentlib options:none

dbghelp: loaded successfully - version: 4.0.5 - missing functions: none
symbol engine: initialized successfully - sym options: 0x614 - pdb path: .;c:\Users\heman\.vscode\extensions\redhat.java-1.45.0-win32-x64\jre\21.0.8-win32-x86_64\bin;C:\WINDOWS\SYSTEM32;C:\WINDOWS\WinSxS\amd64_microsoft.windows.common-controls_6595b64144ccf1df_6.0.26100.5074_none_3e0d6f78e32fd63f;c:\Users\heman\.vscode\extensions\redhat.java-1.45.0-win32-x64\jre\21.0.8-win32-x86_64\bin\server;C:\Users\heman\AppData\Roaming\Code\User\globalStorage\redhat.java\1.45.0\config_win\org.eclipse.equinox.launcher\org.eclipse.equinox.launcher.win32.win32.x86_64_1.2.1400.v20250801-0854;C:\Users\heman\AppData\Local\Temp\jna-99162941

VM Arguments:
jvm_args: --add-modules=ALL-SYSTEM --add-opens=java.base/java.util=ALL-UNNAMED --add-opens=java.base/java.lang=ALL-UNNAMED --add-opens=java.base/sun.nio.fs=ALL-UNNAMED -Declipse.application=org.eclipse.jdt.ls.core.id1 -Dosgi.bundles.defaultStartLevel=4 -Declipse.product=org.eclipse.jdt.ls.core.product -Djava.import.generatesMetadataFilesAtProjectRoot=false -DDetectVMInstallationsJob.disabled=true -Dfile.encoding=utf8 -XX:+UseParallelGC -XX:GCTimeRatio=4 -XX:AdaptiveSizePolicyWeight=90 -Dsun.zip.disableMemoryMapping=true -Xmx2G -Xms100m -Xlog:disable -javaagent:c:\Users\heman\.vscode\extensions\redhat.java-1.45.0-win32-x64\lombok\lombok-1.18.39-4050.jar -XX:+HeapDumpOnOutOfMemoryError -XX:HeapDumpPath=c:\Users\heman\AppData\Roaming\Code\User\workspaceStorage\79f8c6f09664a674c46a13b1c380bf9a\redhat.java -Daether.dependencyCollector.impl=bf 
java_command: c:\Users\heman\.vscode\extensions\redhat.java-1.45.0-win32-x64\server\plugins\org.eclipse.equinox.launcher_1.7.0.v20250519-0528.jar -configuration c:\Users\heman\AppData\Roaming\Code\User\globalStorage\redhat.java\1.45.0\config_win -data c:\Users\heman\AppData\Roaming\Code\User\workspaceStorage\79f8c6f09664a674c46a13b1c380bf9a\redhat.java\jdt_ws --pipe=\\.\pipe\lsp-cd24181235b5d218dbdca20c527ba78d-sock
java_class_path (initial): c:\Users\heman\.vscode\extensions\redhat.java-1.45.0-win32-x64\server\plugins\org.eclipse.equinox.launcher_1.7.0.v20250519-0528.jar
Launcher Type: SUN_STANDARD

[Global flags]
    uintx AdaptiveSizePolicyWeight                 = 90                                        {product} {command line}
     intx CICompilerCount                          = 4                                         {product} {ergonomic}
    uintx GCTimeRatio                              = 4                                         {product} {command line}
     bool HeapDumpOnOutOfMemoryError               = true                                   {manageable} {command line}
    ccstr HeapDumpPath                             = c:\Users\heman\AppData\Roaming\Code\User\workspaceStorage\79f8c6f09664a674c46a13b1c380bf9a\redhat.java         {manageable} {command line}
   size_t InitialHeapSize                          = 104857600                                 {product} {command line}
   size_t MaxHeapSize                              = 2147483648                                {product} {command line}
   size_t MaxNewSize                               = 715653120                                 {product} {ergonomic}
   size_t MinHeapDeltaBytes                        = 524288                                    {product} {ergonomic}
   size_t MinHeapSize                              = 104857600                                 {product} {command line}
   size_t NewSize                                  = 34603008                                  {product} {ergonomic}
    uintx NonNMethodCodeHeapSize                   = 5839372                                {pd product} {ergonomic}
    uintx NonProfiledCodeHeapSize                  = 122909434                              {pd product} {ergonomic}
   size_t OldSize                                  = 70254592                                  {product} {ergonomic}
    uintx ProfiledCodeHeapSize                     = 122909434                              {pd product} {ergonomic}
    uintx ReservedCodeCacheSize                    = 251658240                              {pd product} {ergonomic}
     bool SegmentedCodeCache                       = true                                      {product} {ergonomic}
   size_t SoftMaxHeapSize                          = 2147483648                             {manageable} {ergonomic}
     bool UseCompressedOops                        = true                           {product lp64_product} {ergonomic}
     bool UseLargePagesIndividualAllocation        = false                                  {pd product} {ergonomic}
     bool UseParallelGC                            = true                                      {product} {command line}

Logging:
Log output configuration:
 #0: stdout all=off uptime,level,tags foldmultilines=false
 #1: stderr all=off uptime,level,tags foldmultilines=false

Environment Variables:
JAVA_HOME=C:\Program Files\Java\jdk-21
PATH=C:\Users\heman\OneDrive\Pictures\Documents\software solutions\apache-maven-3.9.11-bin\apache-maven-3.9.11\bin;C:\Program Files\Java\jdk-21\bin;C:\Python313\Scripts\;C:\Python313\;C:\oraclexe\app\oracle\product\10.2.0\server\bin;C:\Program Files\Common Files\Oracle\Java\javapath;C:\Windows\system32;C:\Windows;C:\Windows\System32\Wbem;C:\Windows\System32\WindowsPowerShell\v1.0\;C:\Windows\System32\OpenSSH\;C:\Program Files (x86)\NVIDIA Corporation\PhysX\Common;C:\Program Files\NVIDIA Corporation\NVIDIA NvDLISR;C:\WINDOWS\system32;C:\WINDOWS;C:\WINDOWS\System32\Wbem;C:\WINDOWS\System32\WindowsPowerShell\v1.0\;C:\WINDOWS\System32\OpenSSH\;C:\ProgramData\chocolatey\bin;C:\Program Files\Git\cmd;C:\Users\heman\AppData\Local\Programs\Python\Python312\Scripts\;C:\Program Files\Docker\Docker\resources\bin;%NVM_HOME%;%NVM_SYMLINK%;C:\Program Files\dotnet\;C:\Users\heman\anaconda3;C:\Users\heman\anaconda3\Library\mingw-w64\bin;C:\Users\heman\anaconda3\Library\usr\bin;C:\Users\heman\anaconda3\Library\bin;C:\Users\heman\anaconda3\Scripts;c:\Users\heman\AppData\Local\Programs\Trae\bin;C:\Program Files\MySQL\MySQL Shell 8.0\bin\;C:\Users\heman\AppData\Local\Microsoft\WindowsApps;C:\Users\heman\AppData\Local\Programs\Microsoft VS Code\bin;C:\Users\heman\AppData\Roaming\npm;C:\PFSD\PyCharm Community Edition 2024.3.2\bin;C:\Users\heman\AppData\Local\JetBrains\PyCharm Community Edition 2025.1.1\bin;;C:\Program Files\JetBrains\PyCharm Community Edition 2024.3.2\PyCharm 2025.1.1.1\bin;;C:\Users\heman\AppData\Local\nvm;C:\nvm4w\nodejs;C:\Users\heman\AppData\Local\Microsoft\WindowsApps;
USERNAME=heman
OS=Windows_NT
PROCESSOR_IDENTIFIER=AMD64 Family 25 Model 80 Stepping 0, AuthenticAMD
TMP=C:\Users\heman\AppData\Local\Temp
TEMP=C:\Users\heman\AppData\Local\Temp




Periodic native trim disabled

---------------  S Y S T E M  ---------------

OS:
 Windows 11 , 64 bit Build 26100 (10.0.26100.5074)
OS uptime: 0 days 4:06 hours
Hyper-V role detected

CPU: total 12 (initial active 12) (12 cores per cpu, 2 threads per core) family 25 model 80 stepping 0 microcode 0xa50000c, cx8, cmov, fxsr, ht, mmx, 3dnowpref, sse, sse2, sse3, ssse3, sse4a, sse4.1, sse4.2, popcnt, lzcnt, tsc, tscinvbit, avx, avx2, aes, erms, clmul, bmi1, bmi2, adx, sha, fma, vzeroupper, clflush, clflushopt, hv, rdtscp, rdpid, fsrm, f16c, cet_ss
Processor Information for processor 0
  Max Mhz: 3301, Current Mhz: 1908, Mhz Limit: 3301
Processor Information for processor 1
  Max Mhz: 3301, Current Mhz: 1805, Mhz Limit: 3301
Processor Information for processor 2
  Max Mhz: 3301, Current Mhz: 1908, Mhz Limit: 3301
Processor Information for processor 3
  Max Mhz: 3301, Current Mhz: 1908, Mhz Limit: 3301
Processor Information for processor 4
  Max Mhz: 3301, Current Mhz: 1908, Mhz Limit: 3301
Processor Information for processor 5
  Max Mhz: 3301, Current Mhz: 1805, Mhz Limit: 3301
Processor Information for processor 6
  Max Mhz: 3301, Current Mhz: 1908, Mhz Limit: 3301
Processor Information for processor 7
  Max Mhz: 3301, Current Mhz: 1805, Mhz Limit: 3301
Processor Information for processor 8
  Max Mhz: 3301, Current Mhz: 1805, Mhz Limit: 3301
Processor Information for processor 9
  Max Mhz: 3301, Current Mhz: 1805, Mhz Limit: 3301
Processor Information for processor 10
  Max Mhz: 3301, Current Mhz: 1805, Mhz Limit: 3301
Processor Information for processor 11
  Max Mhz: 3301, Current Mhz: 1805, Mhz Limit: 3301

Memory: 4k page, system-wide physical 5996M (1026M free)
TotalPageFile size 24428M (AvailPageFile size 4M)
current process WorkingSet (physical memory assigned to process): 231M, peak: 258M
current process commit charge ("private bytes"): 419M, peak: 419M

vm_info: OpenJDK 64-Bit Server VM (21.0.8+9-LTS) for windows-amd64 JRE (21.0.8+9-LTS), built on 2025-07-15T00:00:00Z by "admin" with MS VC++ 17.7 (VS2022)

END.
